]0;IPython: hurricane_15cases/ocn_copernicus_anaBuild IC file from the following file:
./input/copernicus_forecast_01.nc
 
Load geographical grid from file

Creating file ./ic_bdry/copernicus_forecast_01_ssh_ic_GOM_Copernicus.nc
Creating variable zeta
remapping zeta from PHY001_024_TDS to GOM_Copernicus
time = 525972.0
horizontal interpolation using scrip weights
about to call remap ./remap/weights_COP_001_024_TDS_to_GOM_bilinear_t_to_rho.nc
(299, 311)
write data in destination file
Load geographical grid from file

Creating file ./ic_bdry/copernicus_forecast_01_temp_ic_GOM_Copernicus.nc
Creating variable temp
remapping temp from PHY001_024_TDS to GOM_Copernicus
time = 525972.0
flood the grid
RD new flooding
1.46937465668 3.11957144737
RD new flooding
1.47303688526 3.34809413552
RD new flooding
1.48988318443 3.53193759918
RD new flooding
1.49940490723 3.82930994034
RD new flooding
1.50892663002 3.91207619011
RD new flooding
1.55287337303 3.94650101662
RD new flooding
1.58436846733 3.96188235283
RD new flooding
1.60194706917 4.01168860495
RD new flooding
1.60121464729 4.02853482217
RD new flooding
1.7616199255 4.25119781494
RD new flooding
2.16739416122 4.74413283169
RD new flooding
2.86541342735 4.97631765157
RD new flooding
3.22577595711 5.63112258911
RD new flooding
3.72164058685 7.45637369156
RD new flooding
4.16257190704 10.5868404284
RD new flooding
4.35593748093 13.6902065277
RD new flooding
4.75658416748 16.2859889567
RD new flooding
5.73512983322 18.1053804159
RD new flooding
6.63823366165 18.9447612762
RD new flooding
7.59114360809 19.1388587952
RD new flooding
8.39023971558 19.5380413234
RD new flooding
8.56016731262 20.3547166362
RD new flooding
8.73009395599 20.9047813416
RD new flooding
8.76232147217 25.3822135925
RD new flooding
11.3800773621 25.8019043505
RD new flooding
11.5690479279 26.6295661926
RD new flooding
11.5690479279 27.486526072
RD new flooding
11.6335029602 27.9333170503
RD new flooding
12.1579332352 28.5698108673
RD new flooding
12.9987792969 28.7294839248
RD new flooding
13.8806419373 28.5866565704
RD new flooding
14.5530261993 28.4760582224
RD new flooding
15.6333808899 28.794671461
RD new flooding
16.8243350983 29.0034179688
RD new flooding
15.6348457336 29.1477088928
RD new flooding
15.5059356689 29.1594286859
RD new flooding
14.8328199387 29.1660206839
RD new flooding
14.2432022095 29.1704153493
RD new flooding
13.7810297012 29.1718802378
RD new flooding
13.3100681305 29.1755424589
RD new flooding
12.6874904633 29.2041072845
RD new flooding
12.540268898 29.2041072845
RD new flooding
12.1037321091 29.7820062786
RD new flooding
11.795372963 29.7805404663
RD new flooding
11.795372963 29.7805404663
RD new flooding
11.7983036041 29.7842036113
RD new flooding
11.8100223541 29.809106715
horizontal interpolation using scrip weights
about to call remap ./remap/weights_COP_001_024_TDS_to_GOM_bilinear_t_to_rho.nc
(49, 299, 311)
vertical interpolation from standard z level to sigma
write data in destination file

Creating file ./ic_bdry/copernicus_forecast_01_salt_ic_GOM_Copernicus.nc
Creating variable salt
remapping salt from PHY001_024_TDS to GOM_Copernicus
time = 525972.0
flood the grid
RD new flooding
34.6751289368 34.9467451684
RD new flooding
34.6751289368 34.9635303486
RD new flooding
34.6751289368 34.9696340505
RD new flooding
34.6751289368 34.9818414543
RD new flooding
34.6736030579 34.9818414543
RD new flooding
34.6736030579 34.9833673798
RD new flooding
34.6705513 34.9894710816
RD new flooding
34.6659736633 34.9925229326
RD new flooding
34.655292511 34.9986266345
RD new flooding
34.6156196594 35.0016784668
RD new flooding
34.589679718 35.0840784609
RD new flooding
34.5835762024 35.1115451194
RD new flooding
34.5545806885 35.1268043518
RD new flooding
34.5362701416 35.2000487968
RD new flooding
34.513381958 35.4869227856
RD new flooding
34.49659729 35.9034996033
RD new flooding
34.5027008057 36.2315744162
RD new flooding
34.5225372314 36.5611724854
RD new flooding
34.5500030518 36.7000335362
RD new flooding
34.5851020813 36.7778549194
RD new flooding
34.6278266907 36.8984031677
RD new flooding
34.6629219055 36.8968772888
RD new flooding
34.7025985718 37.0784630533
RD new flooding
34.7422714233 37.1959593147
RD new flooding
34.7468490601 37.2386852279
RD new flooding
34.7605819702 37.2875137329
RD new flooding
34.714805603 37.2249518987
RD new flooding
33.5932502747 37.1913815383
RD new flooding
33.3063735962 37.1837501526
RD new flooding
32.0459594727 37.3561814893
RD new flooding
30.9930725098 37.3805961609
RD new flooding
29.9386577606 37.3821220398
RD new flooding
28.2708206177 37.3821220398
RD new flooding
27.355266571 37.3821220398
RD new flooding
27.3033847809 37.3821220398
RD new flooding
27.3033847809 37.3821220398
RD new flooding
27.2270889282 37.3821220398
RD new flooding
27.2011470795 37.3821220398
RD new flooding
27.1874141693 37.6262702942
RD new flooding
27.1675777435 37.6262702942
RD new flooding
27.1019630432 37.6262702942
RD new flooding
27.0455036163 37.6262702942
RD new flooding
27.011932373 37.6354255676
RD new flooding
12.1997737885 37.6659431458
RD new flooding
12.1692552567 37.6659431458
RD new flooding
12.0899076462 37.6659431458
RD new flooding
11.9754629135 37.6659431458
horizontal interpolation using scrip weights
about to call remap ./remap/weights_COP_001_024_TDS_to_GOM_bilinear_t_to_rho.nc
(49, 299, 311)
vertical interpolation from standard z level to sigma
write data in destination file

Creating destination file ./ic_bdry/copernicus_forecast_01_u_ic_GOM_Copernicus.nc
Creating destination file ./ic_bdry/copernicus_forecast_01_v_ic_GOM_Copernicus.nc
Creating variable u
Creating variable ubar
Creating variable v
Creating variable vbar
remapping and rotating u and v from PHY001_024_TDS to GOM_Copernicus
time = 525972.0
flood the grid
RD new flooding
-0.156254768372 0.0347911007702
RD new flooding
-0.182500690222 0.101321451366
RD new flooding
-0.139164403081 0.148319955915
RD new flooding
-0.226447343826 0.191045865417
RD new flooding
-0.205694749951 0.278328806162
RD new flooding
-0.257576227188 0.326548039913
RD new flooding
-0.297250270844 0.425428021699
RD new flooding
-0.266121387482 0.408948026597
RD new flooding
-0.25940734148 0.499282807112
RD new flooding
-0.294198423624 0.518814660609
RD new flooding
-0.347911000252 0.542619097978
RD new flooding
-0.315561383963 0.535905003548
RD new flooding
-0.261848807335 0.517593920231
RD new flooding
-0.279549539089 0.440687268972
RD new flooding
-0.391857653856 0.410168766975
RD new flooding
-0.416882842779 0.485244300216
RD new flooding
-0.490127265453 0.510269463062
RD new flooding
-0.572527229786 0.61952573061
RD new flooding
-0.681173145771 0.748313844204
RD new flooding
-0.825830876827 0.854518264532
RD new flooding
-0.928983449936 0.996124148369
RD new flooding
-0.848414540291 1.07669301331
RD new flooding
-0.653096079826 1.11087369919
RD new flooding
-0.597552418709 1.11880850792
RD new flooding
-0.696432411671 1.13223670051
RD new flooding
-0.681783497334 1.07974481583
RD new flooding
-0.735496103764 1.15054780617
RD new flooding
-0.75502794981 1.09744559973
RD new flooding
-0.765404224396 1.13895077258
RD new flooding
-0.778832376003 1.15054780617
RD new flooding
-0.795312345028 1.16580700874
RD new flooding
-0.808130145073 1.17801446468
RD new flooding
-0.817896068096 1.18961149827
RD new flooding
-0.82644122839 1.1987670511
RD new flooding
-0.833765685558 1.20548112318
RD new flooding
-0.839259028435 1.21158480644
RD new flooding
-0.844752311707 1.21707815677
RD new flooding
-0.848414540291 1.22135074809
RD new flooding
-0.851466417313 1.22440254688
RD new flooding
-0.853297531605 1.22684407234
RD new flooding
-0.855128645897 1.22989593074
RD new flooding
-0.856349349022 1.23294778168
RD new flooding
-0.856959760189 1.23538923264
RD new flooding
-0.856959760189 1.23905146122
RD new flooding
-0.856959760189 1.24210333452
RD new flooding
-0.856349349022 1.24637591839
RD new flooding
-0.855738997459 1.25064849854
RD new flooding
-0.0909451544285 0.11658070609
RD new flooding
-0.129398480058 0.0970488600433
RD new flooding
-0.166020691395 0.179448835552
RD new flooding
-0.17761772871 0.19165623188
RD new flooding
-0.34607988596 0.177617724985
RD new flooding
-0.421765804291 0.214239936322
RD new flooding
-0.476088762283 0.17151401937
RD new flooding
-0.490737617016 0.272835463285
RD new flooding
-0.568865001202 0.166631057858
RD new flooding
-0.667134642601 0.161137729883
RD new flooding
-0.679342031479 0.172124385834
RD new flooding
-0.723288655281 0.189825128764
RD new flooding
-0.689107954502 0.330820642412
RD new flooding
-0.565202772617 0.45411542058
RD new flooding
-0.54811245203 0.577410198748
RD new flooding
-0.54811245203 0.728781998158
RD new flooding
-0.580462038517 0.764793846756
RD new flooding
-0.533463537693 0.783715307713
RD new flooding
-0.580462038517 0.90212713927
RD new flooding
-0.686666488647 0.961333036423
RD new flooding
-0.721457540989 0.996734499931
RD new flooding
-0.678121268749 1.14810632542
RD new flooding
-0.687887191772 1.12613296509
RD new flooding
-0.732444226742 1.15604113787
RD new flooding
-0.787987887859 1.17435224354
RD new flooding
-0.863063454628 1.19083223864
RD new flooding
-0.916776001453 1.16519665718
RD new flooding
-0.877712309361 1.29886770248
RD new flooding
-0.79714345932 1.2262337096
RD new flooding
-0.784936070442 1.28360850736
RD new flooding
-0.792870879173 1.43436992168
RD new flooding
-0.748313844204 1.34891808033
RD new flooding
-0.711691617966 1.40934476629
RD new flooding
-0.706808686256 1.41361735761
RD new flooding
-0.690939068794 1.46366771311
RD new flooding
-0.697653114796 1.51005584747
RD new flooding
-0.703146457672 1.54484689236
RD new flooding
-0.708639800549 1.56376838684
RD new flooding
-0.713522732258 1.57048249245
RD new flooding
-0.718405723572 1.57414471731
RD new flooding
-0.722067952156 1.57597577572
RD new flooding
-0.726340532303 1.57780693844
RD new flooding
-0.72939234972 1.57841730118
RD new flooding
-0.732444226742 1.5796380043
RD new flooding
-0.735496103764 1.5802484192
RD new flooding
-0.738547921181 1.5802484192
RD new flooding
-0.740989387035 1.5796380043
horizontal interpolation using scrip weights
vertical interpolation from standard z level to sigma
write data in destination file
